Arguments: 
  C:\Program Files\nodejs\node.exe C:\Program Files (x86)\Yarn\bin\yarn.js insatll

PATH: 
  C:\Users\Steve\bin;C:\Program Files (x86)\Git\mingw32\bin;C:\Program Files (x86)\Git\usr\local\bin;C:\Program Files (x86)\Git\usr\bin;C:\Program Files (x86)\Git\usr\bin;C:\Program Files (x86)\Git\mingw32\bin;C:\Program Files (x86)\Git\usr\bin;C:\Users\Steve\bin;C:\Users\Steve\AppData\Local\Programs\Python\Python36-32;C:\Python27;C:\Python27\Scripts;C:\Program Files (x86)\Common Files\Oracle\Java\javapath;C:\Program Files (x86)\Intel\iCLS Client;C:\ProgramData\Oracle\Java\javapath;C:\Program Files\Intel\iCLS Client;C:\WINDOWS\system32;C:\WINDOWS;C:\WINDOWS\System32\Wbem;C:\WINDOWS\System32\WindowsPowerShell\v1.0;C:\HashiCorp\Vagrant\bin;C:\Program Files\Git\cmd;C:\Program Files (x86)\Git\cmd;C:\Program Files\dotnet;C:\Program Files (x86)\Intel\Intel(R) Management Engine Components\DAL;C:\Program Files\Intel\Intel(R) Management Engine Components\DAL;C:\Program Files (x86)\Intel\Intel(R) Management Engine Components\IPT;C:\Program Files\Intel\Intel(R) Management Engine Components\IPT;C:\Program Files\nodejs;C:\Program Files (x86)\Yarn\bin;C:\WINDOWS\System32\OpenSSH;C:\Program Files\Intel\WiFi\bin;C:\Program Files\Common Files\Intel\WirelessCommon;C:\ProgramData\chocolatey\bin;C:\Program Files\Java\jdk1.8.0_172\bin;C:\Program Files\Microsoft VS Code\bin;C:\Users\Steve\AppData\Local\Programs\Python\Python36-32\Scripts;C:\Users\Steve\AppData\Local\Programs\Python\Python36-32;C:\Users\Steve\AppData\Local\Microsoft\WindowsApps;C:\Program Files\Microsoft VS Code\bin;C:\Users\Steve\AppData\Roaming\npm;C:\Users\Steve\AppData\Local\Yarn\bin;C:\xampp\php;C:\Users\Steve\AppData\Local\Programs\Python\Python36-32\lib\site-packages\selenium\webdriver\firefox\webdriver.py;C:\Users\Steve\AppData\Local\Programs\Python\Python36-32\lib\site-packages\selenium\webdriver\common\service.py;C:\Users\Steve\Desktop;C:\Program Files (x86)\HMA! Pro VPN\bin;C:\Users\Steve\AppData\Local\Android\Sdk\platform-tools;C:\Program Files\MongoDB\Server\3.6\bin;C:\Program Files\Android\Android Studio\jre\bin;C:\Program Files\Heroku\bin;C:\Users\Steve\AppData\Local\Programs\Microsoft VS Code\bin;C:\Program Files (x86)\Git\usr\bin\vendor_perl;C:\Program Files (x86)\Git\usr\bin\core_perl

Yarn version: 
  1.5.1

Node version: 
  8.11.1

Platform: 
  win32 x64

npm manifest: 
  {
    "name": "back",
    "version": "1.0.0",
    "main": "index.js",
    "license": "MIT",
    "scripts": {
      "start": "nodemon src/server"
    },
  }

yarn manifest: 
  No manifest

Lockfile: 
  No lockfile

Trace: 
  SyntaxError: C:\Lambda\rentals-site\back\package.json: Unexpected token } in JSON at position 138
      at JSON.parse (<anonymous>)
      at C:\Program Files (x86)\Yarn\lib\cli.js:1036:59
      at Generator.next (<anonymous>)
      at step (C:\Program Files (x86)\Yarn\lib\cli.js:98:30)
      at C:\Program Files (x86)\Yarn\lib\cli.js:109:13
      at <anonymous>
